[smilepostcards.co/index.html]
[backblue.gif]
[fade.gif]
[index.html]
[smilepostcards.co/favicon.png]
[smilepostcards.co/assets/postcards-28e08d12419f67940f1b818391e28a3a131deca2668787b0ba16ba9f81cfb279.png]
[smilepostcards.co/assets/application-f16f470f0f76ac0cbf70ce40fb6e5b811265d1b1cdbadbf474745a6bc9a72c6a.css]
[smilepostcards.co/assets/application-6b7c403338787ac285f2da3aff22ee3f1f8cbc0ba1f31b13a73c06bc2d696685.js]
[smilepostcards.co/assets/logo-1f0065e066eefa9c5e6957df088ed636b35b188585ea87c781fd963ed38230d8.png]
[smilepostcards.co/assets/postcard_example_back-52b2a3715c4cac1e1aff7b26a7ae9b04b446d45a90372c91869bbde3c1a45c27.png]
[smilepostcards.co/assets/postcard_example7-e3cd77967199f3268154ea9b0e56e093d4df6a117ac33191b95737a1a2af87c3.jpg]
[smilepostcards.co/assets/step1-69fa5bc56309bfe55550078f55f903807772558ecad365e4573a634106d89850.png]
[smilepostcards.co/assets/step2-7696b69e98693be16d552bcccc30dbd51ec4ab57c9becddb0390c98475e3933e.png]
[smilepostcards.co/assets/step3-8ce65a4851247da48db8db7d6aabc8016115722f2e61adbf2b714fe9ed1a774c.png]
[smilepostcards.co/assets/use_cases/wedding-f4ddef556e1a4b4ac1e7ca5fda41958119e674ab0456df76ed1c04aa323509c3.jpg]
[smilepostcards.co/assets/use_cases/miss_you-6aa87f0779a47e74eb8b4970e8f0362decea5513a73f2ef855df8e3ed576897a.jpg]
[smilepostcards.co/assets/use_cases/new_arrivals-c70211aaeed57cfc05cbaac30d25158af30e88f0b3fd577ca31a257366f77153.jpg]
[smilepostcards.co/assets/use_cases/holidays-fd93689159fc8e7a946d57f1dd8741714f66fee6c1d9ac2999241735cb715554.jpg]
[smilepostcards.co/assets/use_cases/birthday-5af9754e3480dfe75ccebb3c83be12eedac7fe14405b84c617deaa87e66f72f5.jpg]
[smilepostcards.co/assets/use_cases/travel-1bf137ccd40a01c9b8c2d52190c43c5e0a54bf274d77661f0c9482286dd17291.jpg]
[smilepostcards.co/assets/birthday-76df2b0bfd0ebf674b32ea73701c2007680f7cd800a1832e8ef9e72657550c15.jpg]
[smilepostcards.co/assets/jeremy-2d8aa8185f1cf9daac56b05c7e1745e590d1e21097b7bab0e48617a0b378fa54.jpg]
[smilepostcards.co/cdn-cgi/l/email-protection.html]
[smilepostcards.co/index.html]
[smilepostcards.co/assets/application-f16f470f0f76ac0cbf70ce40fb6e5b811265d1b1cdbadbf474745a6bc9a72c6a.css]
[smilepostcards.co/cdn-cgi/l/email-protection.html]
[smilepostcards.co/cdn-cgi/scripts/5c5dd728/cloudflare-static/email-decode.min.js]
[smilepostcards.co/it.html]
[smilepostcards.co/it.html]
[smilepostcards.co/en.html]
[smilepostcards.co/en.html]
